1608052904982	geckodriver	INFO	Listening on 127.0.0.1:57387
1608052908053	mozrunner::runner	INFO	Running command: "C:\\Program Files\\Mozilla Firefox\\firefox.exe" "--marionette" "-foreground" "-no-remote" "-profile" "C:\\Users\\Kadima\\AppData\\Local\\Temp\\rust_mozprofiletdmiwy"
Can't find symbol 'eglSwapBuffersWithDamageEXT'.
Can't find symbol 'eglSetDamageRegionKHR'.
console.warn: SearchSettings: "get: No settings file exists, new profile?" (new Error("", "(unknown module)"))
1608052921677	Marionette	INFO	Listening on port 57396
1608052922044	Marionette	WARN	TLS certificate errors will be ignored for this session
console.warn: LoginRecipes: "getRecipes: falling back to a synchronous message for:" "https://twitter.com"
console.warn: LoginRecipes: "getRecipes: falling back to a synchronous message for:" "https://twitter.com"
1608053102279	Marionette	INFO	Stopped listening on port 57396

###!!! [Child][RunMessage] Error: Channel closing: too late to send/recv, messages will be lost

1608053112981	geckodriver	INFO	Listening on 127.0.0.1:57731
1608053116044	mozrunner::runner	INFO	Running command: "C:\\Program Files\\Mozilla Firefox\\firefox.exe" "--marionette" "-foreground" "-no-remote" "-profile" "C:\\Users\\Kadima\\AppData\\Local\\Temp\\rust_mozprofileOhZQl1"
Can't find symbol 'eglSwapBuffersWithDamageEXT'.
Can't find symbol 'eglSetDamageRegionKHR'.
console.warn: SearchSettings: "get: No settings file exists, new profile?" (new Error("", "(unknown module)"))
1608053127687	Marionette	INFO	Listening on port 57741
1608053128319	Marionette	WARN	TLS certificate errors will be ignored for this session
1608053160598	Marionette	INFO	Stopped listening on port 57741

###!!! [Child][RunMessage] Error: Channel closing: too late to send/recv, messages will be lost

1608053187337	geckodriver	INFO	Listening on 127.0.0.1:57861
1608053190399	mozrunner::runner	INFO	Running command: "C:\\Program Files\\Mozilla Firefox\\firefox.exe" "--marionette" "-foreground" "-no-remote" "-profile" "C:\\Users\\Kadima\\AppData\\Local\\Temp\\rust_mozprofilebm07KF"
Can't find symbol 'eglSwapBuffersWithDamageEXT'.
Can't find symbol 'eglSetDamageRegionKHR'.
console.warn: SearchSettings: "get: No settings file exists, new profile?" (new Error("", "(unknown module)"))
1608053201566	Marionette	INFO	Listening on port 57873
1608053202020	Marionette	WARN	TLS certificate errors will be ignored for this session
console.error: Region.jsm: "Error fetching region" (new Error("TIMEOUT", "resource://gre/modules/Region.jsm", 726))
console.error: Region.jsm: "Failed to fetch region" (new Error("TIMEOUT", "resource://gre/modules/Region.jsm", 376))
[Parent 7948, Gecko_IOThread] WARNING: file /builds/worker/checkouts/gecko/ipc/chromium/src/base/process_util_win.cc:166
1608053354771	Marionette	INFO	Stopped listening on port 57873

###!!! [Child][RunMessage] Error: Channel closing: too late to send/recv, messages will be lost

1608053464821	geckodriver	INFO	Listening on 127.0.0.1:58226
1608053467888	mozrunner::runner	INFO	Running command: "C:\\Program Files\\Mozilla Firefox\\firefox.exe" "--marionette" "-foreground" "-no-remote" "-profile" "C:\\Users\\Kadima\\AppData\\Local\\Temp\\rust_mozprofileUPfKxf"
Can't find symbol 'eglSwapBuffersWithDamageEXT'.
Can't find symbol 'eglSetDamageRegionKHR'.
console.warn: SearchSettings: "get: No settings file exists, new profile?" (new Error("", "(unknown module)"))
1608053479316	Marionette	INFO	Listening on port 58235
1608053479669	Marionette	WARN	TLS certificate errors will be ignored for this session
console.error: Region.jsm: "Error fetching region" (new Error("TIMEOUT", "resource://gre/modules/Region.jsm", 726))
console.error: Region.jsm: "Failed to fetch region" (new Error("TIMEOUT", "resource://gre/modules/Region.jsm", 376))

###!!! [Child][RunMessage] Error: Channel closing: too late to send/recv, messages will be lost


###!!! [Child][RunMessage] Error: Channel closing: too late to send/recv, messages will be lost

1608053524910	Marionette	INFO	Stopped listening on port 58235

###!!! [Child][RunMessage] Error: Channel closing: too late to send/recv, messages will be lost

1608053585992	geckodriver	INFO	Listening on 127.0.0.1:58430
1608053589051	mozrunner::runner	INFO	Running command: "C:\\Program Files\\Mozilla Firefox\\firefox.exe" "--marionette" "-foreground" "-no-remote" "-profile" "C:\\Users\\Kadima\\AppData\\Local\\Temp\\rust_mozprofiletioMIV"
Can't find symbol 'eglSwapBuffersWithDamageEXT'.
Can't find symbol 'eglSetDamageRegionKHR'.
console.warn: SearchSettings: "get: No settings file exists, new profile?" (new Error("", "(unknown module)"))
1608053600547	Marionette	INFO	Listening on port 58439
1608053600754	Marionette	WARN	TLS certificate errors will be ignored for this session
console.error: Region.jsm: "Error fetching region" (new Error("TIMEOUT", "resource://gre/modules/Region.jsm", 726))
console.error: Region.jsm: "Failed to fetch region" (new Error("TIMEOUT", "resource://gre/modules/Region.jsm", 376))
JavaScript error: https://twitter.com/login, line 148: ChunkLoadError: Loading chunk 235 failed.
(error: https://abs.twimg.com/responsive-web/client-web/ondemand.emoji.en.b13f7c85.js)
1608054211398	Marionette	INFO	Stopped listening on port 58439

###!!! [Child][RunMessage] Error: Channel closing: too late to send/recv, messages will be lost

1608054536177	geckodriver	INFO	Listening on 127.0.0.1:59802
1608054539218	mozrunner::runner	INFO	Running command: "C:\\Program Files\\Mozilla Firefox\\firefox.exe" "--marionette" "-foreground" "-no-remote" "-profile" "C:\\Users\\Kadima\\AppData\\Local\\Temp\\rust_mozprofileL3CoPc"
Can't find symbol 'eglSwapBuffersWithDamageEXT'.
Can't find symbol 'eglSetDamageRegionKHR'.
console.warn: SearchSettings: "get: No settings file exists, new profile?" (new Error("", "(unknown module)"))
1608054550790	Marionette	INFO	Listening on port 59811
1608054551363	Marionette	WARN	TLS certificate errors will be ignored for this session
1608054731413	Marionette	INFO	Stopped listening on port 59811
[Parent 6964, Gecko_IOThread] WARNING: pipe error: 232: file /builds/worker/checkouts/gecko/ipc/chromium/src/chrome/common/ipc_channel_win.cc:545
1608055346761	geckodriver	INFO	Listening on 127.0.0.1:61031
1608055349832	mozrunner::runner	INFO	Running command: "C:\\Program Files\\Mozilla Firefox\\firefox.exe" "--marionette" "-foreground" "-no-remote" "-profile" "C:\\Users\\Kadima\\AppData\\Local\\Temp\\rust_mozprofiled3B5GU"
Can't find symbol 'eglSwapBuffersWithDamageEXT'.
Can't find symbol 'eglSetDamageRegionKHR'.
console.warn: SearchSettings: "get: No settings file exists, new profile?" (new Error("", "(unknown module)"))
1608055361626	Marionette	INFO	Listening on port 61039
1608055362110	Marionette	WARN	TLS certificate errors will be ignored for this session
[Parent 7776, Gecko_IOThread] WARNING: file /builds/worker/checkouts/gecko/ipc/chromium/src/base/process_util_win.cc:166
1608057689145	Marionette	INFO	Stopped listening on port 61039

###!!! [Child][RunMessage] Error: Channel closing: too late to send/recv, messages will be lost

1608108976236	geckodriver	INFO	Listening on 127.0.0.1:53507
1608108979566	mozrunner::runner	INFO	Running command: "C:\\Program Files\\Mozilla Firefox\\firefox.exe" "--marionette" "-foreground" "-no-remote" "-profile" "C:\\Users\\Kadima\\AppData\\Local\\Temp\\rust_mozprofile0W0dgf"
Can't find symbol 'eglSwapBuffersWithDamageEXT'.
Can't find symbol 'eglSetDamageRegionKHR'.
console.warn: SearchSettings: "get: No settings file exists, new profile?" (new Error("", "(unknown module)"))
console.error: Region.jsm: "Error fetching region" (new Error("TIMEOUT", "resource://gre/modules/Region.jsm", 726))
console.error: Region.jsm: "Failed to fetch region" (new Error("TIMEOUT", "resource://gre/modules/Region.jsm", 376))
1608109011985	Marionette	INFO	Listening on port 53517
1608109013060	Marionette	WARN	TLS certificate errors will be ignored for this session
1608109121844	Marionette	INFO	Stopped listening on port 53517

###!!! [Child][RunMessage] Error: Channel closing: too late to send/recv, messages will be lost

